mode: atomic
github.com/hambosto/hexwarden/main.go:5.13,24.2 4 0
github.com/hambosto/hexwarden/internal/cipher/cipher.go:25.42,26.31 1 6
github.com/hambosto/hexwarden/internal/cipher/cipher.go:26.31,28.3 1 1
github.com/hambosto/hexwarden/internal/cipher/cipher.go:30.2,31.16 2 5
github.com/hambosto/hexwarden/internal/cipher/cipher.go:31.16,33.3 1 0
github.com/hambosto/hexwarden/internal/cipher/cipher.go:35.2,36.16 2 5
github.com/hambosto/hexwarden/internal/cipher/cipher.go:36.16,38.3 1 0
github.com/hambosto/hexwarden/internal/cipher/cipher.go:40.2,40.36 1 5
github.com/hambosto/hexwarden/internal/cipher/cipher.go:44.63,45.25 1 3
github.com/hambosto/hexwarden/internal/cipher/cipher.go:45.25,47.3 1 1
github.com/hambosto/hexwarden/internal/cipher/cipher.go:49.2,50.59 2 2
github.com/hambosto/hexwarden/internal/cipher/cipher.go:50.59,52.3 1 0
github.com/hambosto/hexwarden/internal/cipher/cipher.go:54.2,55.24 2 2
github.com/hambosto/hexwarden/internal/cipher/cipher.go:59.64,60.26 1 4
github.com/hambosto/hexwarden/internal/cipher/cipher.go:60.26,62.3 1 1
github.com/hambosto/hexwarden/internal/cipher/cipher.go:64.2,65.33 2 3
github.com/hambosto/hexwarden/internal/cipher/cipher.go:65.33,67.3 1 1
github.com/hambosto/hexwarden/internal/cipher/cipher.go:69.2,73.16 4 2
github.com/hambosto/hexwarden/internal/cipher/cipher.go:73.16,75.3 1 1
github.com/hambosto/hexwarden/internal/cipher/cipher.go:77.2,77.23 1 1
github.com/hambosto/hexwarden/internal/cipher/cipher.go:81.36,83.2 1 6
github.com/hambosto/hexwarden/internal/compression/compression.go:15.25,17.2 1 3
github.com/hambosto/hexwarden/internal/compression/compression.go:20.61,24.16 3 1
github.com/hambosto/hexwarden/internal/compression/compression.go:24.16,26.3 1 0
github.com/hambosto/hexwarden/internal/compression/compression.go:27.2,29.46 2 1
github.com/hambosto/hexwarden/internal/compression/compression.go:29.46,31.3 1 0
github.com/hambosto/hexwarden/internal/compression/compression.go:33.2,33.39 1 1
github.com/hambosto/hexwarden/internal/compression/compression.go:33.39,35.3 1 0
github.com/hambosto/hexwarden/internal/compression/compression.go:37.2,37.25 1 1
github.com/hambosto/hexwarden/internal/compression/compression.go:41.63,42.19 1 4
github.com/hambosto/hexwarden/internal/compression/compression.go:42.19,44.3 1 1
github.com/hambosto/hexwarden/internal/compression/compression.go:47.2,48.39 2 3
github.com/hambosto/hexwarden/internal/compression/compression.go:48.39,50.3 1 1
github.com/hambosto/hexwarden/internal/compression/compression.go:52.2,54.16 3 2
github.com/hambosto/hexwarden/internal/compression/compression.go:54.16,56.3 1 1
github.com/hambosto/hexwarden/internal/compression/compression.go:57.2,61.16 3 1
github.com/hambosto/hexwarden/internal/compression/compression.go:61.16,63.3 1 0
github.com/hambosto/hexwarden/internal/compression/compression.go:65.2,65.26 1 1
github.com/hambosto/hexwarden/internal/encoding/encoding.go:31.65,32.21 1 7
github.com/hambosto/hexwarden/internal/encoding/encoding.go:32.21,34.3 1 1
github.com/hambosto/hexwarden/internal/encoding/encoding.go:36.2,36.23 1 6
github.com/hambosto/hexwarden/internal/encoding/encoding.go:36.23,38.3 1 1
github.com/hambosto/hexwarden/internal/encoding/encoding.go:40.2,41.16 2 5
github.com/hambosto/hexwarden/internal/encoding/encoding.go:41.16,43.3 1 0
github.com/hambosto/hexwarden/internal/encoding/encoding.go:45.2,45.92 1 5
github.com/hambosto/hexwarden/internal/encoding/encoding.go:49.55,50.28 1 4
github.com/hambosto/hexwarden/internal/encoding/encoding.go:50.28,52.3 1 1
github.com/hambosto/hexwarden/internal/encoding/encoding.go:54.2,55.49 2 3
github.com/hambosto/hexwarden/internal/encoding/encoding.go:55.49,57.3 1 0
github.com/hambosto/hexwarden/internal/encoding/encoding.go:59.2,59.37 1 3
github.com/hambosto/hexwarden/internal/encoding/encoding.go:62.58,65.56 2 3
github.com/hambosto/hexwarden/internal/encoding/encoding.go:65.56,67.3 1 2
github.com/hambosto/hexwarden/internal/encoding/encoding.go:69.2,71.54 2 1
github.com/hambosto/hexwarden/internal/encoding/encoding.go:71.54,73.3 1 0
github.com/hambosto/hexwarden/internal/encoding/encoding.go:75.2,75.30 1 1
github.com/hambosto/hexwarden/internal/encoding/encoding.go:79.57,84.24 4 3
github.com/hambosto/hexwarden/internal/encoding/encoding.go:84.24,86.3 1 20
github.com/hambosto/hexwarden/internal/encoding/encoding.go:88.2,88.25 1 3
github.com/hambosto/hexwarden/internal/encoding/encoding.go:88.25,92.3 3 64
github.com/hambosto/hexwarden/internal/encoding/encoding.go:94.2,94.15 1 3
github.com/hambosto/hexwarden/internal/encoding/encoding.go:98.58,103.24 4 3
github.com/hambosto/hexwarden/internal/encoding/encoding.go:103.24,107.3 3 20
github.com/hambosto/hexwarden/internal/encoding/encoding.go:109.2,109.15 1 3
github.com/hambosto/hexwarden/internal/encoding/encoding.go:113.57,114.22 1 5
github.com/hambosto/hexwarden/internal/encoding/encoding.go:114.22,116.3 1 0
github.com/hambosto/hexwarden/internal/encoding/encoding.go:118.2,121.32 3 5
github.com/hambosto/hexwarden/internal/encoding/encoding.go:121.32,123.3 1 32
github.com/hambosto/hexwarden/internal/encoding/encoding.go:125.2,125.15 1 5
github.com/hambosto/hexwarden/internal/encoding/encoding.go:129.64,130.32 1 1
github.com/hambosto/hexwarden/internal/encoding/encoding.go:130.32,132.3 1 0
github.com/hambosto/hexwarden/internal/encoding/encoding.go:134.2,137.36 3 1
github.com/hambosto/hexwarden/internal/encoding/encoding.go:137.36,139.3 1 5
github.com/hambosto/hexwarden/internal/encoding/encoding.go:141.2,141.22 1 1
github.com/hambosto/hexwarden/internal/encoding/encoding.go:145.40,147.2 1 4
github.com/hambosto/hexwarden/internal/padding/padding.go:32.47,33.39 1 10
github.com/hambosto/hexwarden/internal/padding/padding.go:33.39,35.3 1 2
github.com/hambosto/hexwarden/internal/padding/padding.go:36.2,36.43 1 8
github.com/hambosto/hexwarden/internal/padding/padding.go:41.51,44.27 2 6
github.com/hambosto/hexwarden/internal/padding/padding.go:44.27,46.3 1 1
github.com/hambosto/hexwarden/internal/padding/padding.go:49.2,59.21 7 5
github.com/hambosto/hexwarden/internal/padding/padding.go:59.21,61.3 1 0
github.com/hambosto/hexwarden/internal/padding/padding.go:64.2,65.42 2 5
github.com/hambosto/hexwarden/internal/padding/padding.go:70.53,71.50 1 6
github.com/hambosto/hexwarden/internal/padding/padding.go:71.50,73.3 1 1
github.com/hambosto/hexwarden/internal/padding/padding.go:76.2,77.75 2 5
github.com/hambosto/hexwarden/internal/padding/padding.go:77.75,79.3 1 2
github.com/hambosto/hexwarden/internal/padding/padding.go:82.2,83.44 2 3
github.com/hambosto/hexwarden/internal/padding/padding.go:83.44,84.34 1 10
github.com/hambosto/hexwarden/internal/padding/padding.go:84.34,87.4 1 0
github.com/hambosto/hexwarden/internal/padding/padding.go:91.2,94.29 2 3
github.com/hambosto/hexwarden/internal/padding/padding.go:94.29,96.3 1 0
github.com/hambosto/hexwarden/internal/padding/padding.go:99.2,100.47 2 3
github.com/hambosto/hexwarden/internal/padding/padding.go:100.47,102.3 1 1
github.com/hambosto/hexwarden/internal/padding/padding.go:105.2,105.32 1 2
github.com/hambosto/hexwarden/internal/padding/padding.go:109.34,111.2 1 2
github.com/hambosto/hexwarden/internal/kdf/kdf.go:29.55,30.24 1 6
github.com/hambosto/hexwarden/internal/kdf/kdf.go:30.24,32.3 1 1
github.com/hambosto/hexwarden/internal/kdf/kdf.go:34.2,34.29 1 5
github.com/hambosto/hexwarden/internal/kdf/kdf.go:34.29,36.3 1 2
github.com/hambosto/hexwarden/internal/kdf/kdf.go:38.2,39.16 2 3
github.com/hambosto/hexwarden/internal/kdf/kdf.go:39.16,41.3 1 0
github.com/hambosto/hexwarden/internal/kdf/kdf.go:43.2,43.17 1 3
github.com/hambosto/hexwarden/internal/kdf/kdf.go:47.37,49.58 2 2
github.com/hambosto/hexwarden/internal/kdf/kdf.go:49.58,51.3 1 0
github.com/hambosto/hexwarden/internal/kdf/kdf.go:52.2,52.18 1 2
github.com/hambosto/hexwarden/internal/kdf/kdf.go:56.23,58.2 1 7
github.com/hambosto/hexwarden/internal/kdf/kdf.go:61.22,63.2 1 1
